2021-05-20 15:25:59 INFO  Test_n11:11 - Anasayfa girişi başarılıdır.
2021-05-20 15:26:44 INFO  Test_n11:11 - Anasayfa girişi başarılıdır.
2021-05-20 15:36:23 INFO  Test_n11:11 - Anasayfa girişi başarılıdır.
2021-05-20 15:36:55 INFO  Test_n11:11 - Anasayfa girişi başarılıdır.
2021-05-20 15:50:09 INFO  Test_n11:11 - Anasayfa girişi başarılıdır.
2021-05-20 15:51:28 INFO  Test_n11:11 - Anasayfa girişi başarılıdır.
2021-05-20 15:51:54 INFO  Test_n11:11 - Anasayfa girişi başarılıdır.
2021-05-20 15:53:49 INFO  Test_n11:11 - Anasayfa girişi başarılıdır.
2021-05-20 15:54:09 INFO  Test_n11:11 - Anasayfa girişi başarılıdır.
2021-05-20 15:55:43 INFO  Test_n11:11 - Anasayfa girişi başarılıdır.
2021-05-20 15:56:25 INFO  Test_n11:11 - Anasayfa girişi başarılıdır.
2021-05-20 15:57:25 INFO  Test_n11:11 - Anasayfa girişi başarılıdır.
2021-05-20 15:58:36 INFO  Test_n11:11 - Anasayfa girişi başarılıdır.
2021-05-20 16:00:31 INFO  Test_n11:11 - Anasayfa girişi başarılıdır.
2021-05-20 16:03:17 INFO  Test_n11:11 - Anasayfa girişi başarılıdır.
2021-05-20 16:04:25 INFO  Test_n11:11 - Anasayfa girişi başarılıdır.
2021-05-20 16:05:08 INFO  Test_n11:11 - Anasayfa girişi başarılıdır.
2021-05-20 16:06:18 INFO  Test_n11:11 - Anasayfa girişi başarılıdır.
2021-05-20 16:06:44 INFO  Test_n11:11 - Anasayfa girişi başarılıdır.
2021-05-20 16:07:53 INFO  Test_n11:11 - Anasayfa girişi başarılıdır.
2021-05-20 16:09:09 INFO  Test_n11:11 - Anasayfa girişi başarılıdır.
2021-05-20 16:09:52 INFO  Test_n11:11 - Anasayfa girişi başarılıdır.
2021-05-20 16:14:14 INFO  Test_n11:11 - Anasayfa girişi başarılıdır.
2021-05-20 16:16:05 INFO  Test_n11:11 - Anasayfa girişi başarılıdır.
2021-05-20 16:17:53 INFO  Test_n11:11 - Anasayfa girişi başarılıdır.
2021-05-20 16:19:15 INFO  Test_n11:11 - Anasayfa girişi başarılıdır.
2021-05-20 16:19:46 INFO  Test_n11:11 - Anasayfa girişi başarılıdır.
2021-05-20 16:21:19 INFO  Test_n11:11 - Anasayfa girişi başarılıdır.
2021-05-20 16:22:29 INFO  Test_n11:11 - Anasayfa girişi başarılıdır.
2021-05-20 16:26:45 INFO  Test_n11:11 - Anasayfa girişi başarılıdır.
2021-05-20 16:40:53 INFO  Test_n11:11 - Anasayfa girişi başarılıdır.
2021-05-20 16:41:24 INFO  Test_n11:11 - Anasayfa girişi başarılıdır.
2021-05-20 16:42:35 INFO  Test_n11:11 - Anasayfa girişi başarılıdır.
2021-05-20 16:43:12 INFO  Test_n11:11 - Anasayfa girişi başarılıdır.
2021-05-20 16:44:39 INFO  Test_n11:11 - Anasayfa girişi başarılıdır.
2021-05-20 16:47:13 INFO  Test_n11:11 - Anasayfa girişi başarılıdır.
2021-05-20 16:49:21 INFO  Test_n11:11 - Anasayfa girişi başarılıdır.
2021-05-20 16:49:53 INFO  Test_n11:11 - Anasayfa girişi başarılıdır.
2021-05-20 16:53:54 INFO  Test_n11:11 - Anasayfa girişi başarılıdır.
2021-05-20 16:55:10 INFO  Test_n11:11 - Anasayfa girişi başarılıdır.
2021-05-20 16:57:15 INFO  Test_n11:11 - Anasayfa girişi başarılıdır.
2021-05-20 17:01:54 INFO  Test_n11:11 - Anasayfa girişi başarılıdır.
2021-05-20 17:02:21 INFO  Test_n11:11 - Anasayfa girişi başarılıdır.
2021-05-20 17:03:31 INFO  Test_n11:11 - Anasayfa girişi başarılıdır.
2021-05-20 17:07:16 INFO  Test_n11:11 - Anasayfa girişi başarılıdır.
2021-05-20 17:12:41 INFO  Test_n11:11 - Anasayfa girişi başarılıdır.
2021-05-20 17:16:06 INFO  Test_n11:13 - Anasayfa girişi başarılıdır.
2021-05-20 17:18:25 INFO  Test_n11:13 - Anasayfa girişi başarılıdır.
2021-05-20 17:19:14 INFO  Test_n11:13 - Anasayfa girişi başarılıdır.
2021-05-20 17:28:28 INFO  Test_n11:13 - Anasayfa girişi başarılıdır.
2021-05-20 17:28:46 INFO  Test_n11:13 - Anasayfa girişi başarılıdır.
2021-05-20 17:29:46 INFO  Test_n11:13 - Anasayfa girişi başarılıdır.
2021-05-20 17:29:54 INFO  Test_n11:13 - Anasayfa girişi başarılıdır.
2021-05-20 17:31:28 INFO  Test_n11:12 - Anasayfa girişi başarılıdır.
2021-05-20 17:34:07 INFO  Test_n11:12 - Anasayfa girişi başarılıdır.
2021-05-20 17:38:02 INFO  Test_n11:12 - Anasayfa girişi başarılıdır.
2021-05-20 17:40:32 INFO  Test_n11:12 - Anasayfa girişi başarılıdır.
2021-05-20 17:46:08 INFO  Test_n11:12 - Anasayfa girişi başarılıdır.
2021-05-20 17:46:35 INFO  Test_n11:12 - Anasayfa girişi başarılıdır.
2021-05-20 17:47:23 INFO  Test_n11:12 - Anasayfa girişi başarılıdır.
2021-05-20 17:49:10 INFO  Test_n11:12 - Anasayfa girişi başarılıdır.
2021-05-20 17:52:30 INFO  Test_n11:12 - Anasayfa girişi başarılıdır.
2021-05-20 17:52:41 INFO  Test_n11:32 - İkinci sayfaya geçilmiştir.
2021-05-20 17:58:30 INFO  Test_n11:12 - Anasayfa girişi başarılıdır.
2021-05-20 17:58:38 INFO  Test_n11:37 - İkinci sayfaya geçilmiştir.
2021-05-20 18:00:14 INFO  Test_n11:12 - Anasayfa girişi başarılıdır.
2021-05-20 18:00:22 INFO  Test_n11:37 - İkinci sayfaya geçilmiştir.
2021-05-20 18:10:29 INFO  Test_n11:12 - Anasayfa girişi başarılıdır.
2021-05-20 18:10:37 INFO  Test_n11:37 - İkinci sayfaya geçilmiştir.
2021-05-20 18:11:17 INFO  Test_n11:12 - Anasayfa girişi başarılıdır.
2021-05-20 18:11:25 INFO  Test_n11:37 - İkinci sayfaya geçilmiştir.
2021-05-20 18:14:23 INFO  Test_n11:12 - Anasayfa girişi başarılıdır.
2021-05-20 18:14:34 INFO  Test_n11:37 - İkinci sayfaya geçilmiştir.
2021-05-20 18:15:02 INFO  Test_n11:12 - Anasayfa girişi başarılıdır.
2021-05-20 18:15:37 INFO  Test_n11:12 - Anasayfa girişi başarılıdır.
2021-05-20 18:16:16 INFO  Test_n11:12 - Anasayfa girişi başarılıdır.
2021-05-20 18:17:36 INFO  Test_n11:12 - Anasayfa girişi başarılıdır.
2021-05-20 18:17:46 INFO  Test_n11:38 - İkinci sayfaya geçilmiştir.
2021-05-20 18:19:03 INFO  Test_n11:12 - Anasayfa girişi başarılıdır.
2021-05-20 18:19:13 INFO  Test_n11:38 - İkinci sayfaya geçilmiştir.
2021-05-20 18:20:08 INFO  Test_n11:12 - Anasayfa girişi başarılıdır.
2021-05-20 18:20:18 INFO  Test_n11:38 - İkinci sayfaya geçilmiştir.
2021-05-20 18:27:09 INFO  Test_n11:38 - İkinci sayfaya geçilmiştir.
2021-05-20 18:27:22 INFO  Test_n11:12 - Anasayfa girişi başarılıdır.
2021-05-20 18:27:30 INFO  Test_n11:38 - İkinci sayfaya geçilmiştir.
2021-05-20 18:28:23 INFO  Test_n11:12 - Anasayfa girişi başarılıdır.
2021-05-20 18:28:31 INFO  Test_n11:38 - İkinci sayfaya geçilmiştir.
2021-05-20 18:32:46 INFO  Test_n11:12 - Anasayfa girişi başarılıdır.
2021-05-20 18:32:54 INFO  Test_n11:38 - İkinci sayfaya geçilmiştir.
2021-05-20 18:34:26 INFO  Test_n11:12 - Anasayfa girişi başarılıdır.
2021-05-20 18:34:34 INFO  Test_n11:38 - İkinci sayfaya geçilmiştir.
2021-05-20 18:39:18 INFO  Test_n11:12 - Anasayfa girişi başarılıdır.
2021-05-20 18:39:26 INFO  Test_n11:38 - İkinci sayfaya geçilmiştir.
2021-05-20 18:41:41 INFO  Test_n11:12 - Anasayfa girişi başarılıdır.
2021-05-20 18:41:50 INFO  Test_n11:38 - İkinci sayfaya geçilmiştir.
2021-05-20 18:42:57 INFO  Test_n11:12 - Anasayfa girişi başarılıdır.
2021-05-20 18:43:07 INFO  Test_n11:39 - İkinci sayfaya geçilmiştir.
2021-05-20 18:45:21 INFO  Test_n11:11 - Anasayfa girişi başarılıdır.
2021-05-20 18:45:32 INFO  Test_n11:38 - İkinci sayfaya geçilmiştir.
2021-05-20 18:49:20 INFO  Test_n11:11 - Anasayfa girişi başarılıdır.
2021-05-20 18:49:30 INFO  Test_n11:38 - İkinci sayfaya geçilmiştir.
2021-05-20 18:50:12 INFO  Test_n11:13 - Anasayfa girişi başarılıdır.
2021-05-20 18:50:27 INFO  Test_n11:42 - İkinci sayfaya geçilmiştir.
2021-05-20 18:51:31 INFO  Test_n11:17 - Anasayfa girişi başarılıdır.
2021-05-20 18:51:42 INFO  Test_n11:46 - İkinci sayfaya geçilmiştir.
2021-05-20 18:54:22 INFO  Test_n11:13 - Anasayfa girişi başarılıdır.
2021-05-20 18:54:32 INFO  Test_n11:42 - İkinci sayfaya geçilmiştir.
2021-05-20 18:56:27 INFO  Test_n11:42 - İkinci sayfaya geçilmiştir.
2021-05-20 18:58:18 INFO  Test_n11:13 - Anasayfa girişi başarılıdır.
2021-05-20 18:58:28 INFO  Test_n11:42 - İkinci sayfaya geçilmiştir.
2021-05-20 19:00:34 INFO  Test_n11:13 - Anasayfa girişi başarılıdır.
2021-05-20 19:00:41 INFO  Test_n11:42 - İkinci sayfaya geçilmiştir.
2021-05-20 19:07:24 INFO  Test_n11:13 - Anasayfa girişi başarılıdır.
2021-05-20 19:07:35 INFO  Test_n11:42 - İkinci sayfaya geçilmiştir.
2021-05-20 19:08:50 INFO  Test_n11:42 - İkinci sayfaya geçilmiştir.
2021-05-20 19:08:59 INFO  Test_n11:13 - Anasayfa girişi başarılıdır.
2021-05-20 19:09:10 INFO  Test_n11:42 - İkinci sayfaya geçilmiştir.
2021-05-20 19:11:55 INFO  Test_n11:13 - Anasayfa girişi başarılıdır.
2021-05-20 19:12:05 INFO  Test_n11:42 - İkinci sayfaya geçilmiştir.
2021-05-20 19:16:20 INFO  Test_n11:13 - Anasayfa girişi başarılıdır.
2021-05-20 19:16:30 INFO  Test_n11:42 - İkinci sayfaya geçilmiştir.
2021-05-20 19:26:14 INFO  Test_n11:13 - Anasayfa girişi başarılıdır.
2021-05-20 19:26:28 INFO  Test_n11:42 - İkinci sayfaya geçilmiştir.
2021-05-20 19:27:19 INFO  Test_n11:13 - Anasayfa girişi başarılıdır.
2021-05-20 19:27:29 INFO  Test_n11:42 - İkinci sayfaya geçilmiştir.
2021-05-20 19:29:13 INFO  Test_n11:13 - Anasayfa girişi başarılıdır.
2021-05-20 19:29:22 INFO  Test_n11:42 - İkinci sayfaya geçilmiştir.
2021-05-20 19:30:04 INFO  Test_n11:13 - Anasayfa girişi başarılıdır.
2021-05-20 19:30:15 INFO  Test_n11:42 - İkinci sayfaya geçilmiştir.
2021-05-20 19:33:05 INFO  Test_n11:13 - Anasayfa girişi başarılıdır.
2021-05-20 19:33:16 INFO  Test_n11:42 - İkinci sayfaya geçilmiştir.
2021-05-20 19:36:11 INFO  Test_n11:13 - Anasayfa girişi başarılıdır.
2021-05-20 19:36:24 INFO  Test_n11:42 - İkinci sayfaya geçilmiştir.
2021-05-20 19:36:59 INFO  Test_n11:13 - Anasayfa girişi başarılıdır.
2021-05-20 19:37:10 INFO  Test_n11:42 - İkinci sayfaya geçilmiştir.
2021-05-20 19:48:49 INFO  Test_n11:13 - Anasayfa girişi başarılıdır.
2021-05-20 19:49:01 INFO  Test_n11:42 - İkinci sayfaya geçilmiştir.
2021-05-20 19:49:49 INFO  Test_n11:13 - Anasayfa girişi başarılıdır.
2021-05-20 19:49:59 INFO  Test_n11:42 - İkinci sayfaya geçilmiştir.
2021-05-20 19:52:40 INFO  Test_n11:13 - Anasayfa girişi başarılıdır.
2021-05-20 19:52:52 INFO  Test_n11:42 - İkinci sayfaya geçilmiştir.
2021-05-20 19:53:19 INFO  Test_n11:13 - Anasayfa girişi başarılıdır.
2021-05-20 19:53:32 INFO  Test_n11:42 - İkinci sayfaya geçilmiştir.
2021-05-20 19:55:57 INFO  Test_n11:13 - Anasayfa girişi başarılıdır.
2021-05-20 19:56:11 INFO  Test_n11:42 - İkinci sayfaya geçilmiştir.
2021-05-20 19:57:09 INFO  Test_n11:13 - Anasayfa girişi başarılıdır.
2021-05-20 19:57:19 INFO  Test_n11:42 - İkinci sayfaya geçilmiştir.
2021-05-20 20:04:49 INFO  Test_n11:14 - Anasayfa girişi başarılıdır.
2021-05-20 20:04:59 INFO  Test_n11:43 - İkinci sayfaya geçilmiştir.
2021-05-20 20:05:18 INFO  Test_n11:14 - Anasayfa girişi başarılıdır.
2021-05-20 20:05:29 INFO  Test_n11:43 - İkinci sayfaya geçilmiştir.
2021-05-20 20:06:11 INFO  Test_n11:14 - Anasayfa girişi başarılıdır.
2021-05-20 20:06:22 INFO  Test_n11:43 - İkinci sayfaya geçilmiştir.
2021-05-20 20:09:26 INFO  Test_n11:14 - Anasayfa girişi başarılıdır.
2021-05-20 20:09:37 INFO  Test_n11:43 - İkinci sayfaya geçilmiştir.
2021-05-20 20:11:01 INFO  Test_n11:14 - Anasayfa girişi başarılıdır.
2021-05-20 20:11:08 INFO  Test_n11:43 - İkinci sayfaya geçilmiştir.
2021-05-20 20:12:13 INFO  Test_n11:13 - Anasayfa girişi başarılıdır.
2021-05-20 20:12:23 INFO  Test_n11:42 - İkinci sayfaya geçilmiştir.
2021-05-20 20:13:23 INFO  Test_n11:13 - Anasayfa girişi başarılıdır.
2021-05-20 20:13:35 INFO  Test_n11:42 - İkinci sayfaya geçilmiştir.
2021-05-20 20:14:13 INFO  Test_n11:13 - Anasayfa girişi başarılıdır.
2021-05-20 20:14:24 INFO  Test_n11:42 - İkinci sayfaya geçilmiştir.
2021-05-20 20:15:43 INFO  Test_n11:13 - Anasayfa girişi başarılıdır.
2021-05-20 20:15:54 INFO  Test_n11:42 - İkinci sayfaya geçilmiştir.
2021-05-20 20:16:55 INFO  Test_n11:13 - Anasayfa girişi başarılıdır.
2021-05-20 20:17:06 INFO  Test_n11:42 - İkinci sayfaya geçilmiştir.
2021-05-20 20:18:07 INFO  Test_n11:13 - Anasayfa girişi başarılıdır.
2021-05-20 20:18:18 INFO  Test_n11:42 - İkinci sayfaya geçilmiştir.
2021-05-20 20:22:06 INFO  Test_n11:13 - Anasayfa girişi başarılıdır.
2021-05-20 20:22:41 INFO  Test_n11:13 - Anasayfa girişi başarılıdır.
2021-05-20 20:23:16 INFO  Test_n11:13 - Anasayfa girişi başarılıdır.
2021-05-20 20:23:33 INFO  Test_n11:42 - İkinci sayfaya geçilmiştir.
2021-05-20 20:24:34 INFO  Test_n11:13 - Anasayfa girişi başarılıdır.
2021-05-20 20:24:51 INFO  Test_n11:42 - İkinci sayfaya geçilmiştir.
2021-05-20 20:31:34 INFO  Test_n11:13 - Anasayfa girişi başarılıdır.
2021-05-20 20:31:44 INFO  Test_n11:42 - İkinci sayfaya geçilmiştir.
2021-05-20 20:33:27 INFO  Test_n11:13 - Anasayfa girişi başarılıdır.
2021-05-20 20:33:38 INFO  Test_n11:42 - İkinci sayfaya geçilmiştir.
2021-05-20 20:34:29 INFO  Test_n11:13 - Anasayfa girişi başarılıdır.
2021-05-20 20:34:41 INFO  Test_n11:42 - İkinci sayfaya geçilmiştir.
2021-05-20 20:35:20 INFO  Test_n11:13 - Anasayfa girişi başarılıdır.
2021-05-20 20:35:32 INFO  Test_n11:42 - İkinci sayfaya geçilmiştir.
2021-05-20 20:39:28 INFO  Test_n11:15 - Anasayfa girişi başarılıdır.
2021-05-20 20:39:39 INFO  Test_n11:44 - İkinci sayfaya geçilmiştir.
2021-05-20 20:45:37 INFO  Test_n11:15 - Anasayfa girişi başarılıdır.
2021-05-20 20:45:47 INFO  Test_n11:44 - İkinci sayfaya geçilmiştir.
2021-05-20 20:46:53 INFO  Test_n11:15 - Anasayfa girişi başarılıdır.
2021-05-20 20:47:04 INFO  Test_n11:44 - İkinci sayfaya geçilmiştir.
2021-05-20 20:52:39 INFO  Test_n11:15 - Anasayfa girişi başarılıdır.
2021-05-20 20:55:26 INFO  Test_n11:15 - Anasayfa girişi başarılıdır.
2021-05-20 20:56:30 INFO  Test_n11:15 - Anasayfa girişi başarılıdır.
2021-05-20 20:57:30 INFO  Test_n11:15 - Anasayfa girişi başarılıdır.
2021-05-20 21:00:20 INFO  Test_n11:15 - Anasayfa girişi başarılıdır.
2021-05-20 21:02:10 INFO  Test_n11:15 - Anasayfa girişi başarılıdır.
2021-05-20 21:04:04 INFO  Test_n11:15 - Anasayfa girişi başarılıdır.
2021-05-20 21:06:22 INFO  Test_n11:15 - Anasayfa girişi başarılıdır.
2021-05-20 21:06:58 INFO  Test_n11:15 - Anasayfa girişi başarılıdır.
2021-05-20 21:14:44 INFO  Test_n11:15 - Anasayfa girişi başarılıdır.
2021-05-20 21:15:45 INFO  Test_n11:15 - Anasayfa girişi başarılıdır.
2021-05-20 21:16:15 INFO  Test_n11:15 - Anasayfa girişi başarılıdır.
2021-05-20 21:16:41 INFO  Test_n11:46 - İkinci sayfaya geçilmiştir.
2021-05-20 21:27:40 INFO  Test_n11:15 - Anasayfa girişi başarılıdır.
2021-05-20 21:28:20 INFO  Test_n11:15 - Anasayfa girişi başarılıdır.
2021-05-20 21:30:16 INFO  Test_n11:16 - Anasayfa girişi başarılıdır.
2021-05-20 21:39:39 INFO  Test_n11:15 - Anasayfa girişi başarılıdır.
2021-05-20 21:40:06 INFO  Test_n11:15 - Anasayfa girişi başarılıdır.
2021-05-20 21:40:24 INFO  Test_n11:45 - İkinci sayfaya geçilmiştir.
2021-05-20 21:41:50 INFO  Test_n11:15 - Anasayfa girişi başarılıdır.
2021-05-20 21:42:05 INFO  Test_n11:45 - İkinci sayfaya geçilmiştir.
2021-05-20 21:54:12 INFO  Test_n11:13 - Anasayfa girişi başarılıdır.
2021-05-20 21:54:28 INFO  Test_n11:43 - İkinci sayfaya geçilmiştir.
2021-05-20 21:59:31 INFO  Test_n11:13 - Anasayfa girişi başarılıdır.
2021-05-20 21:59:52 INFO  Test_n11:43 - İkinci sayfaya geçilmiştir.
2021-05-20 22:07:30 INFO  Test_n11:13 - Anasayfa girişi başarılıdır.
2021-05-20 22:07:44 INFO  Test_n11:43 - İkinci sayfaya geçilmiştir.
2021-05-20 22:10:34 INFO  Test_n11:14 - Anasayfa girişi başarılıdır.
2021-05-20 22:10:49 INFO  Test_n11:44 - İkinci sayfaya geçilmiştir.
2021-05-20 22:11:35 INFO  Test_n11:14 - Anasayfa girişi başarılıdır.
2021-05-20 22:11:50 INFO  Test_n11:44 - İkinci sayfaya geçilmiştir.
2021-05-20 22:13:28 INFO  Test_n11:14 - Anasayfa girişi başarılıdır.
2021-05-20 22:13:46 INFO  Test_n11:44 - İkinci sayfaya geçilmiştir.
2021-05-20 22:14:38 INFO  Test_n11:14 - Anasayfa girişi başarılıdır.
2021-05-20 22:14:51 INFO  Test_n11:44 - İkinci sayfaya geçilmiştir.
2021-05-20 22:16:26 INFO  Test_n11:14 - Anasayfa girişi başarılıdır.
2021-05-20 22:16:40 INFO  Test_n11:44 - İkinci sayfaya geçilmiştir.
2021-05-20 22:17:53 INFO  Test_n11:14 - Anasayfa girişi başarılıdır.
2021-05-20 22:18:05 INFO  Test_n11:44 - İkinci sayfaya geçilmiştir.
2021-05-20 22:29:33 INFO  Test_n11:14 - Anasayfa girişi başarılıdır.
2021-05-20 22:29:52 INFO  Test_n11:44 - İkinci sayfaya geçilmiştir.
2021-05-20 22:31:26 INFO  Test_n11:14 - Anasayfa girişi başarılıdır.
2021-05-20 22:31:41 INFO  Test_n11:44 - İkinci sayfaya geçilmiştir.
2021-05-20 22:34:25 INFO  Test_n11:14 - Anasayfa girişi başarılıdır.
2021-05-20 22:34:41 INFO  Test_n11:44 - İkinci sayfaya geçilmiştir.
2021-05-20 22:37:32 INFO  Test_n11:14 - Anasayfa girişi başarılıdır.
2021-05-20 22:37:46 INFO  Test_n11:44 - İkinci sayfaya geçilmiştir.
2021-05-20 22:39:15 INFO  Test_n11:14 - Anasayfa girişi başarılıdır.
2021-05-20 22:39:30 INFO  Test_n11:44 - İkinci sayfaya geçilmiştir.
2021-05-20 22:40:51 INFO  Test_n11:14 - Anasayfa girişi başarılıdır.
2021-05-20 22:41:05 INFO  Test_n11:44 - İkinci sayfaya geçilmiştir.
2021-05-20 22:41:40 INFO  Test_n11:14 - Anasayfa girişi başarılıdır.
2021-05-20 22:41:55 INFO  Test_n11:44 - İkinci sayfaya geçilmiştir.
2021-05-20 22:44:07 INFO  Test_n11:14 - Anasayfa girişi başarılıdır.
2021-05-20 22:44:21 INFO  Test_n11:44 - İkinci sayfaya geçilmiştir.
2021-05-20 22:46:32 INFO  Test_n11:14 - Anasayfa girişi başarılıdır.
2021-05-20 22:46:48 INFO  Test_n11:44 - İkinci sayfaya geçilmiştir.
2021-05-20 22:47:02 INFO  Test_n11:71 - Sepette 2 adet ürün olduğu doğrulanmıştır.
2021-05-20 22:47:13 INFO  Test_n11:14 - Anasayfa girişi başarılıdır.
2021-05-20 22:47:28 INFO  Test_n11:44 - İkinci sayfaya geçilmiştir.
2021-05-20 22:47:42 INFO  Test_n11:71 - Sepette 2 adet ürün olduğu doğrulanmıştır.
2021-05-20 22:50:52 INFO  Test_n11:14 - Anasayfa girişi başarılıdır.
2021-05-20 22:51:07 INFO  Test_n11:44 - İkinci sayfaya geçilmiştir.
2021-05-20 22:51:20 INFO  Test_n11:71 - Sepette 2 adet ürün olduğu doğrulanmıştır.
2021-05-20 22:52:27 INFO  Test_n11:14 - Anasayfa girişi başarılıdır.
2021-05-20 22:52:42 INFO  Test_n11:44 - İkinci sayfaya geçilmiştir.
2021-05-20 22:52:56 INFO  Test_n11:71 - Sepette 2 adet ürün olduğu doğrulanmıştır.
2021-05-20 22:54:11 INFO  Test_n11:14 - Anasayfa girişi başarılıdır.
2021-05-20 22:54:25 INFO  Test_n11:44 - İkinci sayfaya geçilmiştir.
2021-05-20 22:54:40 INFO  Test_n11:71 - Sepette 2 adet ürün olduğu doğrulanmıştır.
2021-05-20 22:59:17 INFO  Test_n11:14 - Anasayfa girişi başarılıdır.
2021-05-20 22:59:35 INFO  Test_n11:44 - İkinci sayfaya geçilmiştir.
2021-05-20 22:59:50 INFO  Test_n11:71 - Sepette 2 adet ürün olduğu doğrulanmıştır.
2021-05-20 23:01:11 INFO  Test_n11:14 - Anasayfa girişi başarılıdır.
2021-05-20 23:01:38 INFO  Test_n11:44 - İkinci sayfaya geçilmiştir.
2021-05-20 23:01:55 INFO  Test_n11:71 - Sepette 2 adet ürün olduğu doğrulanmıştır.
2021-05-20 23:02:46 INFO  Test_n11:14 - Anasayfa girişi başarılıdır.
2021-05-20 23:03:01 INFO  Test_n11:44 - İkinci sayfaya geçilmiştir.
2021-05-20 23:03:15 INFO  Test_n11:71 - Sepette 2 adet ürün olduğu doğrulanmıştır.
2021-05-20 23:04:49 INFO  Test_n11:14 - Anasayfa girişi başarılıdır.
2021-05-20 23:05:05 INFO  Test_n11:44 - İkinci sayfaya geçilmiştir.
2021-05-20 23:05:19 INFO  Test_n11:71 - Sepette 2 adet ürün olduğu doğrulanmıştır.
2021-05-20 23:06:06 INFO  Test_n11:14 - Anasayfa girişi başarılıdır.
2021-05-20 23:06:21 INFO  Test_n11:44 - İkinci sayfaya geçilmiştir.
2021-05-20 23:06:36 INFO  Test_n11:71 - Sepette 2 adet ürün olduğu doğrulanmıştır.
2021-05-20 23:06:41 INFO  Test_n11:79 - Sepetin boşaltıldığı doğrulanmıştır.
2021-05-20 23:40:03 INFO  Test_n11:14 - Anasayfa girişi başarılıdır.
2021-05-20 23:40:21 INFO  Test_n11:44 - İkinci sayfaya geçilmiştir.
2021-05-20 23:51:20 INFO  Test_n11:14 - Anasayfa girişi başarılıdır.
2021-05-20 23:51:40 INFO  Test_n11:44 - İkinci sayfaya geçilmiştir.
2021-05-20 23:56:24 INFO  Test_n11:14 - Anasayfa girişi başarılıdır.
2021-05-20 23:56:38 INFO  Test_n11:44 - İkinci sayfaya geçilmiştir.
2021-05-20 23:58:26 INFO  Test_n11:14 - Anasayfa girişi başarılıdır.
2021-05-20 23:58:41 INFO  Test_n11:44 - İkinci sayfaya geçilmiştir.
2021-05-21 00:01:11 INFO  Test_n11:14 - Anasayfa girişi başarılıdır.
2021-05-21 00:01:26 INFO  Test_n11:44 - İkinci sayfaya geçilmiştir.
2021-05-21 00:02:36 INFO  Test_n11:14 - Anasayfa girişi başarılıdır.
2021-05-21 00:02:51 INFO  Test_n11:44 - İkinci sayfaya geçilmiştir.
2021-05-21 00:04:49 INFO  Test_n11:14 - Anasayfa girişi başarılıdır.
2021-05-21 00:05:03 INFO  Test_n11:44 - İkinci sayfaya geçilmiştir.
2021-05-21 00:08:04 INFO  Test_n11:14 - Anasayfa girişi başarılıdır.
2021-05-21 00:08:17 INFO  Test_n11:44 - İkinci sayfaya geçilmiştir.
2021-05-21 00:10:18 INFO  Test_n11:14 - Anasayfa girişi başarılıdır.
2021-05-21 00:10:32 INFO  Test_n11:44 - İkinci sayfaya geçilmiştir.
2021-05-21 00:11:01 INFO  Test_n11:14 - Anasayfa girişi başarılıdır.
2021-05-21 00:11:15 INFO  Test_n11:44 - İkinci sayfaya geçilmiştir.
2021-05-21 00:12:14 INFO  Test_n11:14 - Anasayfa girişi başarılıdır.
2021-05-21 00:12:29 INFO  Test_n11:44 - İkinci sayfaya geçilmiştir.
2021-05-21 00:14:01 INFO  Test_n11:14 - Anasayfa girişi başarılıdır.
2021-05-21 00:14:15 INFO  Test_n11:44 - İkinci sayfaya geçilmiştir.
2021-05-21 00:16:01 INFO  Test_n11:14 - Anasayfa girişi başarılıdır.
2021-05-21 00:16:15 INFO  Test_n11:44 - İkinci sayfaya geçilmiştir.
2021-05-21 00:17:29 INFO  Test_n11:14 - Anasayfa girişi başarılıdır.
2021-05-21 00:17:45 INFO  Test_n11:44 - İkinci sayfaya geçilmiştir.
2021-05-21 00:19:51 INFO  Test_n11:14 - Anasayfa girişi başarılıdır.
2021-05-21 00:20:05 INFO  Test_n11:44 - İkinci sayfaya geçilmiştir.
2021-05-21 00:21:10 INFO  Test_n11:14 - Anasayfa girişi başarılıdır.
2021-05-21 00:21:25 INFO  Test_n11:44 - İkinci sayfaya geçilmiştir.
2021-05-21 00:21:39 INFO  Test_n11:70 - Sepette 2 adet ürün olduğu doğrulanmıştır.
2021-05-21 00:21:43 INFO  Test_n11:78 - Sepetin boşaltıldığı doğrulanmıştır.
2021-05-21 00:31:21 INFO  Test_n11:14 - Anasayfa girişi başarılıdır.
2021-05-21 00:31:35 INFO  Test_n11:44 - İkinci sayfaya geçilmiştir.
2021-05-21 00:31:51 INFO  Test_n11:70 - Sepette 2 adet ürün olduğu doğrulanmıştır.
2021-05-21 00:31:55 INFO  Test_n11:78 - Sepetin boşaltıldığı doğrulanmıştır.
2021-05-21 00:36:05 INFO  Test_n11:14 - Anasayfa girişi başarılıdır.
2021-05-21 00:36:19 INFO  Test_n11:44 - İkinci sayfaya geçilmiştir.
2021-05-21 00:38:21 INFO  Test_n11:14 - Anasayfa girişi başarılıdır.
2021-05-21 00:38:35 INFO  Test_n11:44 - İkinci sayfaya geçilmiştir.
2021-05-21 00:41:18 INFO  Test_n11:14 - Anasayfa girişi başarılıdır.
2021-05-21 00:41:32 INFO  Test_n11:42 - İkinci sayfaya geçilmiştir.
2021-05-21 00:42:24 INFO  Test_n11:14 - Anasayfa girişi başarılıdır.
2021-05-21 00:42:38 INFO  Test_n11:42 - İkinci sayfaya geçilmiştir.
2021-05-21 00:43:55 INFO  Test_n11:14 - Anasayfa girişi başarılıdır.
2021-05-21 00:44:11 INFO  Test_n11:42 - İkinci sayfaya geçilmiştir.
2021-05-21 00:44:51 INFO  Test_n11:14 - Anasayfa girişi başarılıdır.
2021-05-21 00:45:06 INFO  Test_n11:42 - İkinci sayfaya geçilmiştir.
2021-05-21 00:45:31 INFO  Test_n11:14 - Anasayfa girişi başarılıdır.
2021-05-21 00:45:40 INFO  Test_n11:42 - İkinci sayfaya geçilmiştir.
2021-05-21 00:46:28 INFO  Test_n11:14 - Anasayfa girişi başarılıdır.
2021-05-21 00:46:41 INFO  Test_n11:42 - İkinci sayfaya geçilmiştir.
2021-05-21 00:46:55 INFO  Test_n11:68 - Sepette 2 adet ürün olduğu doğrulanmıştır.
2021-05-21 00:47:00 INFO  Test_n11:76 - Sepetin boşaltıldığı doğrulanmıştır.
2021-05-21 00:47:46 INFO  Test_n11:14 - Anasayfa girişi başarılıdır.
2021-05-21 00:48:28 INFO  Test_n11:42 - İkinci sayfaya geçilmiştir.
2021-05-21 00:48:42 INFO  Test_n11:68 - Sepette 2 adet ürün olduğu doğrulanmıştır.
2021-05-21 00:48:46 INFO  Test_n11:76 - Sepetin boşaltıldığı doğrulanmıştır.
2021-05-21 00:55:58 INFO  Test_n11:16 - Anasayfa girişi başarılıdır.
2021-05-21 00:56:13 INFO  Test_n11:44 - İkinci sayfaya geçilmiştir.
2021-05-21 00:57:14 INFO  Test_n11:16 - Anasayfa girişi başarılıdır.
2021-05-21 00:57:31 INFO  Test_n11:44 - İkinci sayfaya geçilmiştir.
2021-05-21 00:58:29 INFO  Test_n11:16 - Anasayfa girişi başarılıdır.
2021-05-21 00:58:43 INFO  Test_n11:44 - İkinci sayfaya geçilmiştir.
2021-05-21 00:59:40 INFO  Test_n11:16 - Anasayfa girişi başarılıdır.
2021-05-21 00:59:54 INFO  Test_n11:44 - İkinci sayfaya geçilmiştir.
2021-05-21 01:01:08 INFO  Test_n11:16 - Anasayfa girişi başarılıdır.
2021-05-21 01:01:23 INFO  Test_n11:44 - İkinci sayfaya geçilmiştir.
2021-05-21 01:02:27 INFO  Test_n11:16 - Anasayfa girişi başarılıdır.
2021-05-21 01:03:08 INFO  Test_n11:16 - Anasayfa girişi başarılıdır.
2021-05-21 01:03:30 INFO  Test_n11:44 - İkinci sayfaya geçilmiştir.
2021-05-21 01:04:09 INFO  Test_n11:16 - Anasayfa girişi başarılıdır.
2021-05-21 01:04:15 INFO  Test_n11:44 - İkinci sayfaya geçilmiştir.
2021-05-21 01:04:54 INFO  Test_n11:16 - Anasayfa girişi başarılıdır.
2021-05-21 01:05:08 INFO  Test_n11:44 - İkinci sayfaya geçilmiştir.
2021-05-21 01:06:02 INFO  Test_n11:16 - Anasayfa girişi başarılıdır.
2021-05-21 01:06:17 INFO  Test_n11:44 - İkinci sayfaya geçilmiştir.
2021-05-21 01:07:45 INFO  Test_n11:16 - Anasayfa girişi başarılıdır.
2021-05-21 01:07:59 INFO  Test_n11:44 - İkinci sayfaya geçilmiştir.
2021-05-21 01:09:12 INFO  Test_n11:16 - Anasayfa girişi başarılıdır.
2021-05-21 01:09:26 INFO  Test_n11:44 - İkinci sayfaya geçilmiştir.
2021-05-21 01:09:40 INFO  Test_n11:16 - Anasayfa girişi başarılıdır.
2021-05-21 01:09:54 INFO  Test_n11:44 - İkinci sayfaya geçilmiştir.
2021-05-21 01:10:42 INFO  Test_n11:16 - Anasayfa girişi başarılıdır.
2021-05-21 01:10:55 INFO  Test_n11:44 - İkinci sayfaya geçilmiştir.
2021-05-21 01:11:23 INFO  Test_n11:16 - Anasayfa girişi başarılıdır.
2021-05-21 01:11:38 INFO  Test_n11:44 - İkinci sayfaya geçilmiştir.
2021-05-21 01:12:11 INFO  Test_n11:16 - Anasayfa girişi başarılıdır.
2021-05-21 01:12:25 INFO  Test_n11:44 - İkinci sayfaya geçilmiştir.
2021-05-21 01:47:21 INFO  Test_n11:16 - Anasayfa girişi başarılıdır.
2021-05-21 01:47:41 INFO  Test_n11:44 - İkinci sayfaya geçilmiştir.
2021-05-21 01:49:30 INFO  Test_n11:16 - Anasayfa girişi başarılıdır.
2021-05-21 01:49:47 INFO  Test_n11:44 - İkinci sayfaya geçilmiştir.
2021-05-21 01:50:25 INFO  Test_n11:16 - Anasayfa girişi başarılıdır.
2021-05-21 01:50:45 INFO  Test_n11:44 - İkinci sayfaya geçilmiştir.
2021-05-21 01:51:27 INFO  Test_n11:16 - Anasayfa girişi başarılıdır.
2021-05-21 01:51:54 INFO  Test_n11:44 - İkinci sayfaya geçilmiştir.
2021-05-21 01:53:23 INFO  Test_n11:16 - Anasayfa girişi başarılıdır.
2021-05-21 01:53:40 INFO  Test_n11:44 - İkinci sayfaya geçilmiştir.
2021-05-21 01:54:44 INFO  Test_n11:17 - Anasayfa girişi başarılıdır.
2021-05-21 01:54:59 INFO  Test_n11:45 - İkinci sayfaya geçilmiştir.
2021-05-21 01:55:19 INFO  Test_n11:17 - Anasayfa girişi başarılıdır.
2021-05-21 01:55:33 INFO  Test_n11:45 - İkinci sayfaya geçilmiştir.
2021-05-21 01:56:35 INFO  Test_n11:17 - Anasayfa girişi başarılıdır.
2021-05-21 01:56:48 INFO  Test_n11:45 - İkinci sayfaya geçilmiştir.
2021-05-21 01:57:36 INFO  Test_n11:17 - Anasayfa girişi başarılıdır.
2021-05-21 01:58:10 INFO  Test_n11:17 - Anasayfa girişi başarılıdır.
2021-05-21 01:58:40 INFO  Test_n11:45 - İkinci sayfaya geçilmiştir.
2021-05-21 01:59:38 INFO  Test_n11:14 - Anasayfa girişi başarılıdır.
2021-05-21 01:59:52 INFO  Test_n11:42 - İkinci sayfaya geçilmiştir.
2021-05-21 02:00:06 INFO  Test_n11:14 - Anasayfa girişi başarılıdır.
2021-05-21 02:00:30 INFO  Test_n11:42 - İkinci sayfaya geçilmiştir.
2021-05-21 02:02:09 INFO  Test_n11:14 - Anasayfa girişi başarılıdır.
2021-05-21 02:02:15 INFO  Test_n11:43 - İkinci sayfaya geçilmiştir.
2021-05-21 02:02:34 INFO  Test_n11:78 - Sepette 2 adet ürün olduğu doğrulanmıştır.
2021-05-21 02:02:39 INFO  Test_n11:86 - Sepetin boşaltıldığı doğrulanmıştır.
2021-05-21 02:04:30 INFO  Test_n11:14 - Anasayfa girişi başarılıdır.
2021-05-21 02:04:36 INFO  Test_n11:44 - İkinci sayfaya geçilmiştir.
2021-05-21 02:04:54 INFO  Test_n11:79 - Sepette 2 adet ürün olduğu doğrulanmıştır.
2021-05-21 02:05:01 INFO  Test_n11:87 - Sepetin boşaltıldığı doğrulanmıştır.
2021-05-21 02:06:26 INFO  Test_n11:14 - Anasayfa girişi başarılıdır.
2021-05-21 02:06:32 INFO  Test_n11:44 - İkinci sayfaya geçilmiştir.
2021-05-21 02:07:15 INFO  Test_n11:14 - Anasayfa girişi başarılıdır.
2021-05-21 02:07:20 INFO  Test_n11:44 - İkinci sayfaya geçilmiştir.
2021-05-21 02:07:34 INFO  Test_n11:55 - Sepete random ürün eklendi.
2021-05-21 02:07:39 INFO  Test_n11:80 - Sepette 2 adet ürün olduğu doğrulanmıştır.
2021-05-21 02:07:44 INFO  Test_n11:88 - Sepetin boşaltıldığı doğrulanmıştır.
2021-05-21 02:09:57 INFO  Test_n11:14 - Anasayfa girişi başarılıdır.
2021-05-21 02:10:03 INFO  Test_n11:44 - İkinci sayfaya geçilmiştir.
2021-05-21 02:10:16 INFO  Test_n11:55 - Sepete random ürün eklendi.
2021-05-21 02:10:22 INFO  Test_n11:80 - Sepette 2 adet ürün olduğu doğrulanmıştır.
2021-05-21 02:10:27 INFO  Test_n11:88 - Sepetin boşaltıldığı doğrulanmıştır.
2021-05-21 02:11:56 INFO  Test_n11:16 - Anasayfa girişi başarılıdır.
2021-05-21 02:12:02 INFO  Test_n11:46 - İkinci sayfaya geçilmiştir.
2021-05-21 02:12:13 INFO  Test_n11:57 - Sepete random ürün eklendi.
2021-05-21 02:13:44 INFO  Test_n11:16 - Anasayfa girişi başarılıdır.
2021-05-21 02:13:50 INFO  Test_n11:46 - İkinci sayfaya geçilmiştir.
2021-05-21 02:14:01 INFO  Test_n11:57 - Sepete random ürün eklendi.
2021-05-21 02:15:59 INFO  Test_n11:16 - Anasayfa girişi başarılıdır.
2021-05-21 02:16:04 INFO  Test_n11:46 - İkinci sayfaya geçilmiştir.
2021-05-21 02:16:39 INFO  Test_n11:16 - Anasayfa girişi başarılıdır.
2021-05-21 02:16:45 INFO  Test_n11:46 - İkinci sayfaya geçilmiştir.
2021-05-21 02:16:58 INFO  Test_n11:57 - Sepete random ürün eklendi.
2021-05-21 02:17:52 INFO  Test_n11:16 - Anasayfa girişi başarılıdır.
2021-05-21 02:17:59 INFO  Test_n11:46 - İkinci sayfaya geçilmiştir.
2021-05-21 02:18:13 INFO  Test_n11:16 - Anasayfa girişi başarılıdır.
2021-05-21 02:18:19 INFO  Test_n11:46 - İkinci sayfaya geçilmiştir.
2021-05-21 02:18:31 INFO  Test_n11:57 - Sepete random ürün eklendi.
2021-05-21 02:19:32 INFO  Test_n11:17 - Anasayfa girişi başarılıdır.
2021-05-21 02:19:38 INFO  Test_n11:47 - İkinci sayfaya geçilmiştir.
2021-05-21 02:19:50 INFO  Test_n11:58 - Sepete random ürün eklendi.
2021-05-21 02:20:39 INFO  Test_n11:17 - Anasayfa girişi başarılıdır.
2021-05-21 02:20:44 INFO  Test_n11:47 - İkinci sayfaya geçilmiştir.
2021-05-21 02:20:57 INFO  Test_n11:58 - Sepete random ürün eklendi.
2021-05-21 02:22:02 INFO  Test_n11:17 - Anasayfa girişi başarılıdır.
2021-05-21 02:22:07 INFO  Test_n11:47 - İkinci sayfaya geçilmiştir.
2021-05-21 02:22:24 INFO  Test_n11:17 - Anasayfa girişi başarılıdır.
2021-05-21 02:22:29 INFO  Test_n11:47 - İkinci sayfaya geçilmiştir.
2021-05-21 02:22:41 INFO  Test_n11:58 - Sepete random ürün eklendi.
2021-05-21 02:23:30 INFO  Test_n11:17 - Anasayfa girişi başarılıdır.
2021-05-21 02:23:36 INFO  Test_n11:47 - İkinci sayfaya geçilmiştir.
2021-05-21 02:23:47 INFO  Test_n11:17 - Anasayfa girişi başarılıdır.
2021-05-21 02:23:53 INFO  Test_n11:47 - İkinci sayfaya geçilmiştir.
2021-05-21 02:24:04 INFO  Test_n11:58 - Sepete random ürün eklendi.
2021-05-21 02:25:58 INFO  Test_n11:17 - Anasayfa girişi başarılıdır.
2021-05-21 02:26:03 INFO  Test_n11:47 - İkinci sayfaya geçilmiştir.
2021-05-21 02:26:52 INFO  Test_n11:17 - Anasayfa girişi başarılıdır.
2021-05-21 02:26:57 INFO  Test_n11:47 - İkinci sayfaya geçilmiştir.
2021-05-21 02:27:10 INFO  Test_n11:58 - Sepete random ürün eklendi.
2021-05-21 02:30:24 INFO  Test_n11:16 - Anasayfa girişi başarılıdır.
2021-05-21 02:30:30 INFO  Test_n11:46 - İkinci sayfaya geçilmiştir.
2021-05-21 02:30:43 INFO  Test_n11:57 - Sepete random ürün eklendi.
2021-05-21 02:32:06 INFO  Test_n11:16 - Anasayfa girişi başarılıdır.
2021-05-21 02:32:12 INFO  Test_n11:46 - İkinci sayfaya geçilmiştir.
2021-05-21 02:32:26 INFO  Test_n11:57 - Sepete random ürün eklendi.
2021-05-21 02:32:53 INFO  Test_n11:16 - Anasayfa girişi başarılıdır.
2021-05-21 02:32:58 INFO  Test_n11:46 - İkinci sayfaya geçilmiştir.
2021-05-21 02:33:11 INFO  Test_n11:57 - Sepete random ürün eklendi.
2021-05-21 02:37:11 INFO  Test_n11:16 - Anasayfa girişi başarılıdır.
2021-05-21 02:37:16 INFO  Test_n11:46 - İkinci sayfaya geçilmiştir.
2021-05-21 02:37:33 INFO  Test_n11:77 - Sepete random ürün eklendi.
2021-05-21 02:38:01 INFO  Test_n11:16 - Anasayfa girişi başarılıdır.
2021-05-21 02:38:07 INFO  Test_n11:46 - İkinci sayfaya geçilmiştir.
2021-05-21 02:38:22 INFO  Test_n11:77 - Sepete random ürün eklendi.
2021-05-21 02:40:04 INFO  Test_n11:16 - Anasayfa girişi başarılıdır.
2021-05-21 02:40:10 INFO  Test_n11:46 - İkinci sayfaya geçilmiştir.
2021-05-21 02:40:24 INFO  Test_n11:77 - Sepete random ürün eklendi.
2021-05-21 02:40:27 INFO  Test_n11:84 - Ürün fiyatları uyuşmaktadır.
2021-05-21 02:42:07 INFO  Test_n11:16 - Anasayfa girişi başarılıdır.
2021-05-21 02:42:18 INFO  Test_n11:46 - İkinci sayfaya geçilmiştir.
2021-05-21 02:42:34 INFO  Test_n11:77 - Sepete random ürün eklendi.
2021-05-21 02:42:37 INFO  Test_n11:84 - Ürün fiyatları uyuşmaktadır.
2021-05-21 02:42:42 INFO  Test_n11:94 - Sepette 2 adet ürün olduğu doğrulanmıştır.
2021-05-21 02:42:46 INFO  Test_n11:102 - Sepetin boşaltıldığı doğrulanmıştır.
2021-05-21 02:45:21 INFO  Test_n11:16 - Anasayfa girişi başarılıdır.
2021-05-21 02:45:27 INFO  Test_n11:46 - İkinci sayfaya geçilmiştir.
2021-05-21 02:45:41 INFO  Test_n11:61 - Sepete random ürün eklendi.
2021-05-21 02:45:44 INFO  Test_n11:68 - Ürün fiyatları uyuşmaktadır.
2021-05-21 02:45:50 INFO  Test_n11:78 - Sepette 2 adet ürün olduğu doğrulanmıştır.
2021-05-21 02:45:54 INFO  Test_n11:86 - Sepetin boşaltıldığı doğrulanmıştır.
2021-05-21 02:58:58 INFO  Test_n11:16 - Anasayfa girişi başarılıdır.
2021-05-21 02:59:09 INFO  Test_n11:46 - İkinci sayfaya geçilmiştir.
2021-05-21 02:59:24 INFO  Test_n11:61 - Sepete random ürün eklendi.
2021-05-21 02:59:27 INFO  Test_n11:68 - Ürün fiyatları uyuşmaktadır.
2021-05-21 02:59:33 INFO  Test_n11:78 - Sepette 2 adet ürün olduğu doğrulanmıştır.
2021-05-21 02:59:37 INFO  Test_n11:86 - Sepetin boşaltıldığı doğrulanmıştır.
2021-05-21 03:06:54 INFO  Test_n11:15 - Anasayfa girişi başarılıdır.
2021-05-21 03:07:00 INFO  Test_n11:44 - İkinci sayfaya geçilmiştir.
2021-05-21 03:07:14 INFO  Test_n11:57 - Sepete random ürün eklendi.
2021-05-21 03:07:21 INFO  Test_n11:74 - Sepette 2 adet ürün olduğu doğrulanmıştır.
2021-05-21 03:07:25 INFO  Test_n11:82 - Sepetin boşaltıldığı doğrulanmıştır.
2021-05-21 03:10:03 INFO  Test_n11:15 - Anasayfa girişi başarılıdır.
2021-05-21 03:10:11 INFO  Test_n11:44 - İkinci sayfaya geçilmiştir.
2021-05-21 03:10:25 INFO  Test_n11:57 - Sepete random ürün eklendi.
2021-05-21 03:10:32 INFO  Test_n11:74 - Sepette 2 adet ürün olduğu doğrulanmıştır.
2021-05-21 03:10:36 INFO  Test_n11:82 - Sepetin boşaltıldığı doğrulanmıştır.
2021-05-21 03:12:22 INFO  Test_n11:16 - Anasayfa girişi başarılıdır.
2021-05-21 03:12:36 INFO  Test_n11:45 - İkinci sayfaya geçilmiştir.
2021-05-21 03:14:18 INFO  Test_n11:16 - Anasayfa girişi başarılıdır.
2021-05-21 03:14:26 INFO  Test_n11:45 - İkinci sayfaya geçilmiştir.
2021-05-21 03:14:40 INFO  Test_n11:58 - Sepete random ürün eklendi.
2021-05-21 03:14:43 INFO  Test_n11:65 - Ürün fiyatları uyuşmaktadır.
2021-05-21 03:14:49 INFO  Test_n11:75 - Sepette 2 adet ürün olduğu doğrulanmıştır.
2021-05-21 03:14:53 INFO  Test_n11:83 - Sepetin boşaltıldığı doğrulanmıştır.
2021-05-21 03:17:03 INFO  Test_n11:16 - Anasayfa girişi başarılıdır.
2021-05-21 03:17:13 INFO  Test_n11:45 - İkinci sayfaya geçilmiştir.
2021-05-21 03:17:28 INFO  Test_n11:58 - Sepete random ürün eklendi.
2021-05-21 03:17:31 INFO  Test_n11:65 - Ürün fiyatları uyuşmaktadır.
2021-05-21 03:17:36 INFO  Test_n11:75 - Sepette 2 adet ürün olduğu doğrulanmıştır.
2021-05-21 03:17:41 INFO  Test_n11:83 - Sepetin boşaltıldığı doğrulanmıştır.
2021-05-21 03:19:57 INFO  Test_n11:16 - Anasayfa girişi başarılıdır.
2021-05-21 03:20:06 INFO  Test_n11:45 - İkinci sayfaya geçilmiştir.
2021-05-21 03:20:21 INFO  Test_n11:58 - Sepete random ürün eklendi.
2021-05-21 03:20:24 INFO  Test_n11:65 - Ürün fiyatları uyuşmaktadır.
2021-05-21 03:20:30 INFO  Test_n11:75 - Sepette 2 adet ürün olduğu doğrulanmıştır.
2021-05-21 03:20:35 INFO  Test_n11:83 - Sepetin boşaltıldığı doğrulanmıştır.
2021-05-21 03:21:40 INFO  Test_n11:16 - Anasayfa girişi başarılıdır.
2021-05-21 03:21:48 INFO  Test_n11:45 - İkinci sayfaya geçilmiştir.
2021-05-21 03:22:03 INFO  Test_n11:58 - Sepete random ürün eklendi.
2021-05-21 03:22:07 INFO  Test_n11:65 - Ürün fiyatları uyuşmaktadır.
2021-05-21 03:22:12 INFO  Test_n11:75 - Sepette 2 adet ürün olduğu doğrulanmıştır.
2021-05-21 03:22:17 INFO  Test_n11:83 - Sepetin boşaltıldığı doğrulanmıştır.
2021-05-21 05:40:15 INFO  Test_n11:16 - Anasayfa girişi başarılıdır.
2021-05-21 05:40:28 INFO  Test_n11:46 - İkinci sayfaya geçilmiştir.
2021-05-21 05:40:43 INFO  Test_n11:59 - Sepete random ürün eklendi.
2021-05-21 05:40:46 INFO  Test_n11:67 - Ürün fiyatları uyuşmaktadır.
2021-05-21 05:40:52 INFO  Test_n11:78 - Sepette 2 adet ürün olduğu doğrulanmıştır.
2021-05-21 05:40:57 INFO  Test_n11:87 - Sepetin boşaltıldığı doğrulanmıştır.
2021-05-21 05:42:45 INFO  Test_n11:16 - Anasayfa girişi başarılıdır.
2021-05-21 05:43:02 INFO  Test_n11:45 - İkinci sayfaya geçilmiştir.
2021-05-21 05:43:19 INFO  Test_n11:58 - Sepete random ürün eklendi.
2021-05-21 05:43:22 INFO  Test_n11:65 - Ürün fiyatları uyuşmaktadır.
2021-05-21 05:43:28 INFO  Test_n11:75 - Sepette 2 adet ürün olduğu doğrulanmıştır.
2021-05-21 05:43:32 INFO  Test_n11:83 - Sepetin boşaltıldığı doğrulanmıştır.
2021-05-21 05:45:12 INFO  Test_n11:16 - Anasayfa girişi başarılıdır.
2021-05-21 05:45:21 INFO  Test_n11:45 - İkinci sayfaya geçilmiştir.
2021-05-21 05:46:10 INFO  Test_n11:15 - Anasayfa girişi başarılıdır.
2021-05-21 05:46:20 INFO  Test_n11:44 - İkinci sayfaya geçilmiştir.
2021-05-21 05:46:35 INFO  Test_n11:57 - Sepete random ürün eklendi.
2021-05-21 05:46:38 INFO  Test_n11:64 - Ürün fiyatları uyuşmaktadır.
2021-05-21 05:46:43 INFO  Test_n11:74 - Sepette 2 adet ürün olduğu doğrulanmıştır.
2021-05-21 05:46:48 INFO  Test_n11:82 - Sepetin boşaltıldığı doğrulanmıştır.
2021-05-21 05:47:36 INFO  Test_n11:15 - Anasayfa girişi başarılıdır.
2021-05-21 05:47:45 INFO  Test_n11:44 - İkinci sayfaya geçilmiştir.
2021-05-21 05:48:01 INFO  Test_n11:57 - Sepete random ürün eklendi.
2021-05-21 05:48:05 INFO  Test_n11:64 - Ürün fiyatları uyuşmaktadır.
2021-05-21 05:48:08 INFO  Test_n11:74 - Sepette 2 adet ürün olduğu doğrulanmıştır.
2021-05-21 05:48:13 INFO  Test_n11:82 - Sepetin boşaltıldığı doğrulanmıştır.
2021-05-21 05:55:10 INFO  Test_n11:15 - Anasayfa girişi başarılıdır.
2021-05-21 05:55:19 INFO  Test_n11:46 - İkinci sayfaya geçilmiştir.
2021-05-21 05:55:36 INFO  Test_n11:59 - Sepete random ürün eklendi.
2021-05-21 05:55:39 INFO  Test_n11:66 - Ürün fiyatları uyuşmaktadır.
2021-05-21 05:55:43 INFO  Test_n11:76 - Sepette 2 adet ürün olduğu doğrulanmıştır.
2021-05-21 05:55:48 INFO  Test_n11:84 - Sepetin boşaltıldığı doğrulanmıştır.
2021-05-21 05:56:51 INFO  Test_n11:15 - Anasayfa girişi başarılıdır.
2021-05-21 05:57:00 INFO  Test_n11:46 - İkinci sayfaya geçilmiştir.
2021-05-21 05:57:17 INFO  Test_n11:59 - Sepete random ürün eklendi.
2021-05-21 05:57:20 INFO  Test_n11:66 - Ürün fiyatları uyuşmaktadır.
2021-05-21 05:57:23 INFO  Test_n11:74 - Sepette 2 adet ürün olduğu doğrulanmıştır.
2021-05-21 05:57:28 INFO  Test_n11:82 - Sepetin boşaltıldığı doğrulanmıştır.
2021-05-21 06:54:26 INFO  Test_n11:15 - Anasayfa girişi başarılıdır.
2021-05-21 06:54:46 INFO  Test_n11:46 - İkinci sayfaya geçilmiştir.
2021-05-21 06:55:15 INFO  Test_n11:15 - Anasayfa girişi başarılıdır.
2021-05-21 06:55:28 INFO  Test_n11:46 - İkinci sayfaya geçilmiştir.
2021-05-21 06:55:43 INFO  Test_n11:59 - Sepete random ürün eklendi.
2021-05-21 06:55:46 INFO  Test_n11:66 - Ürün fiyatları uyuşmaktadır.
2021-05-21 06:55:49 INFO  Test_n11:74 - Sepette 2 adet ürün olduğu doğrulanmıştır.
2021-05-21 06:55:54 INFO  Test_n11:82 - Sepetin boşaltıldığı doğrulanmıştır.
2021-05-21 07:12:52 INFO  Test_n11:15 - Anasayfa girişi başarılıdır.
2021-05-21 07:13:01 INFO  Test_n11:46 - İkinci sayfaya geçilmiştir.
2021-05-21 07:13:16 INFO  Test_n11:59 - Sepete random ürün eklendi.
2021-05-21 07:13:19 INFO  Test_n11:66 - Ürün fiyatları uyuşmaktadır.
2021-05-21 07:13:23 INFO  Test_n11:74 - Sepette 2 adet ürün olduğu doğrulanmıştır.
2021-05-21 07:13:27 INFO  Test_n11:82 - Sepetin boşaltıldığı doğrulanmıştır.
